<?xml version="1.0" encoding="UTF-8"?>
<testng-results skipped="0" failed="0" ignored="0" total="1" passed="1">
  <reporter-output>
  </reporter-output>
  <suite name="Default suite" duration-ms="6394" started-at="2022-06-23T02:51:59Z" finished-at="2022-06-23T02:52:06Z">
    <groups>
    </groups>
    <test name="Default test" duration-ms="6394" started-at="2022-06-23T02:51:59Z" finished-at="2022-06-23T02:52:06Z">
      <class name="org.assure.NewTest1">
        <test-method status="PASS" signature="f()[pri:0, instance:org.assure.NewTest1@18be83e4]" name="f" duration-ms="6269" started-at="2022-06-23T02:51:59Z" finished-at="2022-06-23T02:52:06Z">
          <reporter-output>
          </reporter-output>
        </test-method> <!-- f -->
      </class> <!-- org.assure.NewTest1 -->
    </test> <!-- Default test -->
  </suite> <!-- Default suite -->
</testng-results>
